<?xml version="1.0" encoding="UTF-8"?>
<!-- Generated by org.testng.reporters.JUnitReportReporter -->
<testsuite hostname="LAPTOP-RV7UN5T4" failures="0" tests="1" name="com.Mahi.testscripts.CreateCustomer" time="0.020" errors="0" timestamp="12 Jun 2023 07:27:32 GMT" skipped="0">
  <testcase classname="com.Mahi.testscripts.CreateCustomer" name="testCreateCustomer" time="0.020"/>
</testsuite> <!-- com.Mahi.testscripts.CreateCustomer -->
